2016-05-20 20:07:22,417 [Worker-26] INFO  o.e.m.c.i.l.LifecycleMappingFactory - Using org.maven.ide.eclipse.wtp.WarLifecycleMapping lifecycle mapping for MavenProject: br.univel.NovoRM:ServicoREST:1.0.0-SNAPSHOT @ /home/joao/Jobs/Java/workspaces/Projeto-ServicoREST/ServicoREST/pom.xml.
2016-05-20 20:07:26,338 [Worker-26] INFO  o.e.m.c.i.embedder.EclipseLogger - Using 'UTF-8' encoding to copy filtered resources.
2016-05-20 20:07:26,348 [Worker-26] INFO  o.e.m.c.i.embedder.EclipseLogger - Copying 0 resource
2016-05-20 20:07:26,361 [Worker-26] INFO  o.e.m.c.i.embedder.EclipseLogger - Using 'UTF-8' encoding to copy filtered resources.
2016-05-20 20:07:26,362 [Worker-26] INFO  o.e.m.c.i.embedder.EclipseLogger - Copying 0 resource
2016-05-20 20:07:28,205 [Worker-15] INFO  o.e.m.c.i.l.LifecycleMappingFactory - Using org.maven.ide.eclipse.wtp.WarLifecycleMapping lifecycle mapping for MavenProject: br.univel.NovoRM:ServicoREST:1.0.0-SNAPSHOT @ /home/joao/Jobs/Java/workspaces/Projeto-ServicoREST/ServicoREST/pom.xml.
2016-05-20 20:07:31,444 [Worker-34] INFO  o.e.m.c.i.embedder.EclipseLogger - Using 'UTF-8' encoding to copy filtered resources.
2016-05-20 20:07:31,478 [Worker-34] INFO  o.e.m.c.i.embedder.EclipseLogger - Copying 0 resource
2016-05-20 20:07:31,487 [Worker-34] INFO  o.e.m.c.i.embedder.EclipseLogger - Using 'UTF-8' encoding to copy filtered resources.
2016-05-20 20:07:31,487 [Worker-34] INFO  o.e.m.c.i.embedder.EclipseLogger - Copying 0 resource
2016-05-20 20:14:24,231 [Worker-38] INFO  o.e.m.c.i.p.ProjectConfigurationManager - Update started
2016-05-20 20:14:25,376 [Worker-38] INFO  o.e.m.c.i.l.LifecycleMappingFactory - Using org.maven.ide.eclipse.wtp.WarLifecycleMapping lifecycle mapping for MavenProject: br.univel.NovoRM:ServicoREST:1.0.0-SNAPSHOT @ /home/joao/Jobs/Java/workspaces/Projeto-ServicoREST/ServicoREST/pom.xml.
2016-05-20 20:14:27,587 [Worker-38] INFO  o.e.m.j.i.AbstractJavaProjectConfigurator - Adding source folder /ServicoREST/src/main/java
2016-05-20 20:14:27,588 [Worker-38] INFO  o.e.m.j.i.AbstractJavaProjectConfigurator - Adding resource folder /ServicoREST/src/main/resources
2016-05-20 20:14:27,589 [Worker-38] INFO  o.e.m.j.i.AbstractJavaProjectConfigurator - Adding source folder /ServicoREST/src/test/java
2016-05-20 20:14:27,590 [Worker-38] INFO  o.e.m.j.i.AbstractJavaProjectConfigurator - Adding resource folder /ServicoREST/src/test/resources
2016-05-20 20:14:32,141 [Worker-38] INFO  o.e.m.w.i.f.ResourceFilteringBuildParticipant - Cleaning filtered folder for ServicoREST
2016-05-20 20:14:32,155 [Worker-38] INFO  o.e.m.c.i.p.ProjectConfigurationManager - Update completed: 7 sec
2016-05-20 20:14:38,890 [Worker-38] INFO  o.e.m.c.i.embedder.EclipseLogger - Using 'UTF-8' encoding to copy filtered resources.
2016-05-20 20:14:38,906 [Worker-38] INFO  o.e.m.c.i.embedder.EclipseLogger - Copying 1 resource
2016-05-20 20:14:38,968 [Worker-38] INFO  o.e.m.c.i.embedder.EclipseLogger - Using 'UTF-8' encoding to copy filtered resources.
2016-05-20 20:14:38,971 [Worker-38] INFO  o.e.m.c.i.embedder.EclipseLogger - Copying 0 resource
2016-05-20 20:14:38,972 [Worker-38] INFO  o.e.m.w.i.f.ResourceFilteringBuildParticipant - Changed resources require a complete clean of filtered resources of ServicoREST
2016-05-20 20:14:38,975 [Worker-38] INFO  o.e.m.w.i.f.ResourceFilteringBuildParticipant - Executing resource filtering for ServicoREST
2016-05-20 20:14:39,028 [Worker-38] WARN  o.e.m.c.i.embedder.EclipseLogger - The POM for org.apache.maven.plugins:maven-clean-plugin:jar:2.5 is missing, no dependency information available
2016-05-20 20:14:39,070 [Worker-38] INFO  o.e.m.c.i.embedder.EclipseLogger - Using 'UTF-8' encoding to copy filtered resources.
2016-05-20 20:15:11,284 [Worker-39] INFO  o.e.m.c.i.embedder.EclipseLogger - Using 'UTF-8' encoding to copy filtered resources.
2016-05-20 20:15:11,338 [Worker-39] INFO  o.e.m.c.i.embedder.EclipseLogger - Copying 1 resource
2016-05-20 20:15:11,397 [Worker-39] INFO  o.e.m.c.i.embedder.EclipseLogger - Using 'UTF-8' encoding to copy filtered resources.
2016-05-20 20:15:11,398 [Worker-39] INFO  o.e.m.c.i.embedder.EclipseLogger - Copying 0 resource
2016-05-20 20:15:39,717 [Worker-40] INFO  o.e.m.c.i.embedder.EclipseLogger - Using 'UTF-8' encoding to copy filtered resources.
2016-05-20 20:15:39,719 [Worker-40] INFO  o.e.m.c.i.embedder.EclipseLogger - Copying 1 resource
2016-05-20 20:15:39,723 [Worker-40] INFO  o.e.m.c.i.embedder.EclipseLogger - Using 'UTF-8' encoding to copy filtered resources.
2016-05-20 20:15:39,727 [Worker-40] INFO  o.e.m.c.i.embedder.EclipseLogger - Copying 0 resource
2016-05-20 20:15:54,838 [Worker-38] INFO  o.e.m.c.i.embedder.EclipseLogger - Using 'UTF-8' encoding to copy filtered resources.
2016-05-20 20:15:54,851 [Worker-38] INFO  o.e.m.c.i.embedder.EclipseLogger - Copying 1 resource
2016-05-20 20:15:54,854 [Worker-38] INFO  o.e.m.c.i.embedder.EclipseLogger - Using 'UTF-8' encoding to copy filtered resources.
2016-05-20 20:15:54,854 [Worker-38] INFO  o.e.m.c.i.embedder.EclipseLogger - Copying 0 resource
2016-05-20 20:16:16,116 [Worker-38] INFO  o.e.m.c.i.embedder.EclipseLogger - Using 'UTF-8' encoding to copy filtered resources.
2016-05-20 20:16:16,119 [Worker-38] INFO  o.e.m.c.i.embedder.EclipseLogger - Copying 1 resource
2016-05-20 20:16:16,121 [Worker-38] INFO  o.e.m.c.i.embedder.EclipseLogger - Using 'UTF-8' encoding to copy filtered resources.
2016-05-20 20:16:16,122 [Worker-38] INFO  o.e.m.c.i.embedder.EclipseLogger - Copying 0 resource
2016-05-20 20:19:39,660 [Worker-43] INFO  o.e.m.c.i.embedder.EclipseLogger - Using 'UTF-8' encoding to copy filtered resources.
2016-05-20 20:19:39,661 [Worker-43] INFO  o.e.m.c.i.embedder.EclipseLogger - Copying 1 resource
2016-05-20 20:19:39,671 [Worker-43] INFO  o.e.m.c.i.embedder.EclipseLogger - Using 'UTF-8' encoding to copy filtered resources.
2016-05-20 20:19:39,672 [Worker-43] INFO  o.e.m.c.i.embedder.EclipseLogger - Copying 0 resource
2016-05-20 20:20:02,356 [Worker-43] INFO  o.e.m.c.i.embedder.EclipseLogger - Using 'UTF-8' encoding to copy filtered resources.
2016-05-20 20:20:02,357 [Worker-43] INFO  o.e.m.c.i.embedder.EclipseLogger - Copying 1 resource
2016-05-20 20:20:02,361 [Worker-43] INFO  o.e.m.c.i.embedder.EclipseLogger - Using 'UTF-8' encoding to copy filtered resources.
2016-05-20 20:20:02,363 [Worker-43] INFO  o.e.m.c.i.embedder.EclipseLogger - Copying 0 resource
2016-05-20 20:20:26,037 [Worker-46] INFO  o.e.m.c.i.embedder.EclipseLogger - Using 'UTF-8' encoding to copy filtered resources.
2016-05-20 20:20:26,049 [Worker-46] INFO  o.e.m.c.i.embedder.EclipseLogger - Copying 1 resource
2016-05-20 20:20:26,055 [Worker-46] INFO  o.e.m.c.i.embedder.EclipseLogger - Using 'UTF-8' encoding to copy filtered resources.
2016-05-20 20:20:26,063 [Worker-46] INFO  o.e.m.c.i.embedder.EclipseLogger - Copying 0 resource
2016-05-20 20:28:45,876 [Worker-58] INFO  o.e.m.c.i.l.LifecycleMappingFactory - Using org.maven.ide.eclipse.wtp.WarLifecycleMapping lifecycle mapping for MavenProject: br.univel.NovoRM:ServicoREST:1.0.0-SNAPSHOT @ /home/joao/Jobs/Java/workspaces/Projeto-ServicoREST/ServicoREST/pom.xml.
2016-05-20 20:28:52,003 [Worker-58] INFO  o.e.m.c.i.embedder.EclipseLogger - Using 'UTF-8' encoding to copy filtered resources.
2016-05-20 20:28:52,009 [Worker-58] INFO  o.e.m.c.i.embedder.EclipseLogger - Copying 0 resource
2016-05-20 20:28:52,013 [Worker-58] INFO  o.e.m.c.i.embedder.EclipseLogger - Using 'UTF-8' encoding to copy filtered resources.
2016-05-20 20:28:52,013 [Worker-58] INFO  o.e.m.c.i.embedder.EclipseLogger - Copying 0 resource
2016-05-20 20:28:52,014 [Worker-58] INFO  o.e.m.w.i.f.ResourceFilteringBuildParticipant - Changed resources require a complete clean of filtered resources of ServicoREST
2016-05-20 20:28:52,014 [Worker-58] INFO  o.e.m.w.i.f.ResourceFilteringBuildParticipant - Executing resource filtering for ServicoREST
2016-05-20 20:28:52,024 [Worker-58] INFO  o.e.m.c.i.embedder.EclipseLogger - Using 'UTF-8' encoding to copy filtered resources.
2016-05-20 20:29:16,708 [Worker-43] INFO  o.e.m.c.i.embedder.EclipseLogger - Using 'UTF-8' encoding to copy filtered resources.
2016-05-20 20:29:16,736 [Worker-43] INFO  o.e.m.c.i.embedder.EclipseLogger - Copying 1 resource
2016-05-20 20:29:16,799 [Worker-43] INFO  o.e.m.c.i.embedder.EclipseLogger - Using 'UTF-8' encoding to copy filtered resources.
2016-05-20 20:29:16,799 [Worker-43] INFO  o.e.m.c.i.embedder.EclipseLogger - Copying 0 resource
2016-05-20 20:32:42,042 [Worker-57] INFO  o.e.m.c.i.embedder.EclipseLogger - Using 'UTF-8' encoding to copy filtered resources.
2016-05-20 20:32:42,057 [Worker-57] INFO  o.e.m.c.i.embedder.EclipseLogger - Copying 1 resource
2016-05-20 20:32:42,064 [Worker-57] INFO  o.e.m.c.i.embedder.EclipseLogger - Using 'UTF-8' encoding to copy filtered resources.
2016-05-20 20:32:42,064 [Worker-57] INFO  o.e.m.c.i.embedder.EclipseLogger - Copying 0 resource
